<?xml version="1.0" encoding="UTF-8"?>
<!-- Generated by org.testng.reporters.JUnitReportReporter -->
<testsuite hostname="Collaberas-MacBook-Pro.local" failures="0" tests="1" name="testiPhone.UI_01" time="12.921" errors="0" timestamp="2023-05-15T11:33:39 PST" skipped="0">
  <testcase classname="testiPhone.UI_01" name="UI_1" time="12.921"/>
  <system-out/>
</testsuite> <!-- testiPhone.UI_01 -->
