<?xml version="1.0" encoding="UTF-8"?>
<!-- Generated by org.testng.reporters.JUnitReportReporter -->
<testsuite hostname="Collaberas-MacBook-Pro.local" failures="0" tests="4" name="testAndroidPhone.MB_02" time="24.982" errors="0" timestamp="2023-05-16T12:45:28 PST" skipped="0">
  <testcase classname="testAndroidPhone.MB_02" name="MobileBankingLauch" time="7.715"/>
  <system-out/>
  <testcase classname="testAndroidPhone.MB_02" name="inputUsernameAndPassword" time="6.043"/>
  <system-out/>
  <testcase classname="testAndroidPhone.MB_02" name="checkingAccount" time="4.791"/>
  <system-out/>
  <testcase classname="testAndroidPhone.MB_02" name="depositAccount" time="6.433"/>
  <system-out/>
</testsuite> <!-- testAndroidPhone.MB_02 -->
