<?xml version="1.0" encoding="UTF-8"?>
<!-- Generated by org.testng.reporters.JUnitReportReporter -->
<testsuite hostname="Collaberas-MacBook-Pro.local" failures="0" tests="1" name="testiPhone.UI_14" time="10.211" errors="0" timestamp="2023-05-15T10:38:28 PST" skipped="0">
  <testcase classname="testiPhone.UI_14" name="UI_014" time="10.211"/>
  <system-out/>
</testsuite> <!-- testiPhone.UI_14 -->
