<?xml version="1.0" encoding="UTF-8"?>
<!-- Generated by org.testng.reporters.JUnitReportReporter -->
<testsuite hostname="Collaberas-MacBook-Pro.local" failures="0" tests="1" name="testiPhone.UI_11" time="7.046" errors="0" timestamp="2023-05-12T19:19:26 PST" skipped="0">
  <testcase classname="testiPhone.UI_11" name="UI_011" time="7.046"/>
  <system-out/>
</testsuite> <!-- testiPhone.UI_11 -->
