<?xml version="1.0" encoding="UTF-8"?>
<!-- Generated by org.testng.reporters.JUnitReportReporter -->
<testsuite hostname="Collaberas-MacBook-Pro.local" failures="0" tests="1" name="testiPhone.UI_07" time="15.868" errors="0" timestamp="2023-05-12T17:18:51 PST" skipped="0">
  <testcase classname="testiPhone.UI_07" name="UI_7" time="15.868"/>
  <system-out/>
</testsuite> <!-- testiPhone.UI_07 -->
