<?xml version="1.0" encoding="UTF-8"?>
<!-- Generated by org.testng.reporters.JUnitReportReporter -->
<testsuite hostname="Collaberas-MacBook-Pro.local" failures="0" tests="1" name="testiPhone.UI_10" time="9.332" errors="0" timestamp="2023-05-15T10:33:04 PST" skipped="0">
  <testcase classname="testiPhone.UI_10" name="UI_010" time="9.332"/>
  <system-out/>
</testsuite> <!-- testiPhone.UI_10 -->
