<?xml version="1.0" encoding="UTF-8"?>
<!-- Generated by org.testng.reporters.JUnitReportReporter -->
<testsuite hostname="Collaberas-MacBook-Pro.local" failures="0" tests="5" name="testAndroidPhone.MB_03" time="26.197" errors="0" timestamp="2023-05-15T16:01:53 PST" skipped="1">
  <testcase classname="testAndroidPhone.MB_03" name="MobileBankingLauch" time="7.047"/>
  <system-out/>
  <testcase classname="testAndroidPhone.MB_03" name="inputUsernameAndPassword" time="6.291"/>
  <system-out/>
  <testcase classname="testAndroidPhone.MB_03" name="transferAccount" time="4.934"/>
  <system-out/>
  <testcase classname="testAndroidPhone.MB_03" name="savingsToChecking" time="7.925"/>
  <system-out/>
  <testcase classname="testAndroidPhone.MB_03" name="checkingToSavings">
    <skipped/>
  </testcase> <!-- checkingToSavings -->
  <system-out/>
</testsuite> <!-- testAndroidPhone.MB_03 -->
