<?xml version="1.0" encoding="UTF-8"?>
<!-- Generated by org.testng.reporters.JUnitReportReporter -->
<testsuite hostname="Collaberas-MacBook-Pro.local" failures="0" tests="16" name="testiPhone.UI_01To20" time="77.821" errors="0" timestamp="2023-05-15T12:38:37 PST" skipped="0">
  <testcase classname="testiPhone.UI_01To20" name="UI_1" time="13.409"/>
  <system-out/>
  <testcase classname="testiPhone.UI_01To20" name="UI_2" time="1.888"/>
  <system-out/>
  <testcase classname="testiPhone.UI_01To20" name="UI_3" time="1.971"/>
  <system-out/>
  <testcase classname="testiPhone.UI_01To20" name="UI_4" time="2.011"/>
  <system-out/>
  <testcase classname="testiPhone.UI_01To20" name="UI_5" time="2.651"/>
  <system-out/>
  <testcase classname="testiPhone.UI_01To20" name="UI_6" time="2.972"/>
  <system-out/>
  <testcase classname="testiPhone.UI_01To20" name="UI_7" time="12.125"/>
  <system-out/>
  <testcase classname="testiPhone.UI_01To20" name="UI_8" time="6.706"/>
  <system-out/>
  <testcase classname="testiPhone.UI_01To20" name="UI_9" time="4.307"/>
  <system-out/>
  <testcase classname="testiPhone.UI_01To20" name="UI_010" time="4.597"/>
  <system-out/>
  <testcase classname="testiPhone.UI_01To20" name="UI_011" time="3.595"/>
  <system-out/>
  <testcase classname="testiPhone.UI_01To20" name="UI_012" time="2.330"/>
  <system-out/>
  <testcase classname="testiPhone.UI_01To20" name="UI_013" time="7.673"/>
  <system-out/>
  <testcase classname="testiPhone.UI_01To20" name="UI_014" time="5.715"/>
  <system-out/>
  <testcase classname="testiPhone.UI_01To20" name="UI_015" time="2.226"/>
  <system-out/>
  <testcase classname="testiPhone.UI_01To20" name="UI_020" time="3.645"/>
  <system-out/>
</testsuite> <!-- testiPhone.UI_01To20 -->
