<?xml version="1.0" encoding="UTF-8"?>
<!-- Generated by org.testng.reporters.JUnitReportReporter -->
<testsuite hostname="Collaberas-MacBook-Pro.local" failures="0" tests="1" name="testiPhone.UI_13" time="12.458" errors="0" timestamp="2023-05-15T10:32:33 PST" skipped="0">
  <testcase classname="testiPhone.UI_13" name="UI_013" time="12.458"/>
  <system-out/>
</testsuite> <!-- testiPhone.UI_13 -->
