<?xml version="1.0" encoding="UTF-8"?>
<!-- Generated by org.testng.reporters.JUnitReportReporter -->
<testsuite hostname="Collaberas-MacBook-Pro.local" failures="0" tests="1" name="testiPhone.UI_15" time="6.936" errors="0" timestamp="2023-05-15T10:39:26 PST" skipped="0">
  <testcase classname="testiPhone.UI_15" name="UI_015" time="6.936"/>
  <system-out/>
</testsuite> <!-- testiPhone.UI_15 -->
