<?xml version="1.0" encoding="UTF-8"?>
<!-- Generated by org.testng.reporters.JUnitReportReporter -->
<testsuite hostname="Collaberas-MacBook-Pro.local" failures="0" tests="3" name="testAndroid.MB_01" time="19.132" errors="0" timestamp="2023-05-10T17:11:36 PST" skipped="0">
  <testcase classname="testAndroid.MB_01" name="MobileBankingLauch" time="6.445"/>
  <system-out/>
  <testcase classname="testAndroid.MB_01" name="inputUsernameAndPassword" time="6.152"/>
  <system-out/>
  <testcase classname="testAndroid.MB_01" name="checkingAccount" time="6.535"/>
  <system-out/>
</testsuite> <!-- testAndroid.MB_01 -->
