<?xml version="1.0" encoding="UTF-8"?>
<!-- Generated by org.testng.reporters.JUnitReportReporter -->
<testsuite hostname="Collaberas-MacBook-Pro.local" failures="0" tests="4" name="testAndroidTablet.MB_02T" time="24.254" errors="0" timestamp="2023-05-15T16:36:14 PST" skipped="0">
  <testcase classname="testAndroidTablet.MB_02T" name="MobileBankingLauch" time="6.471"/>
  <system-out/>
  <testcase classname="testAndroidTablet.MB_02T" name="inputUsernameAndPassword" time="6.298"/>
  <system-out/>
  <testcase classname="testAndroidTablet.MB_02T" name="checkingAccount" time="5.099"/>
  <system-out/>
  <testcase classname="testAndroidTablet.MB_02T" name="depositAccount" time="6.386"/>
  <system-out/>
</testsuite> <!-- testAndroidTablet.MB_02T -->
