<?xml version="1.0" encoding="UTF-8"?>
<!-- Generated by org.testng.reporters.JUnitReportReporter -->
<testsuite hostname="Collaberas-MacBook-Pro.local" failures="0" tests="3" name="testAndroidPhone.MB_01" time="31.349" errors="0" timestamp="2023-05-15T14:51:33 PST" skipped="0">
  <testcase classname="testAndroidPhone.MB_01" name="MobileBankingLauch" time="15.758"/>
  <system-out/>
  <testcase classname="testAndroidPhone.MB_01" name="inputUsernameAndPassword" time="9.366"/>
  <system-out/>
  <testcase classname="testAndroidPhone.MB_01" name="checkingAccount" time="6.225"/>
  <system-out/>
</testsuite> <!-- testAndroidPhone.MB_01 -->
