<?xml version="1.0" encoding="UTF-8"?>
<!-- Generated by org.testng.reporters.JUnitReportReporter -->
<testsuite hostname="Collaberas-MacBook-Pro.local" failures="0" tests="4" name="testAndroidPhone.MB_02" time="32.730" errors="0" timestamp="2023-05-15T15:54:42 PST" skipped="0">
  <testcase classname="testAndroidPhone.MB_02" name="MobileBankingLauch" time="12.377"/>
  <system-out/>
  <testcase classname="testAndroidPhone.MB_02" name="inputUsernameAndPassword" time="9.267"/>
  <system-out/>
  <testcase classname="testAndroidPhone.MB_02" name="checkingAccount" time="5.032"/>
  <system-out/>
  <testcase classname="testAndroidPhone.MB_02" name="depositAccount" time="6.054"/>
  <system-out/>
</testsuite> <!-- testAndroidPhone.MB_02 -->
