<?xml version="1.0" encoding="UTF-8"?>
<!-- Generated by org.testng.reporters.JUnitReportReporter -->
<testsuite hostname="Collaberas-MacBook-Pro.local" failures="0" tests="1" name="testiPhone.UI_12" time="6.949" errors="0" timestamp="2023-05-15T10:24:59 PST" skipped="0">
  <testcase classname="testiPhone.UI_12" name="UI_012" time="6.949"/>
  <system-out/>
</testsuite> <!-- testiPhone.UI_12 -->
