<?xml version="1.0" encoding="UTF-8"?>
<!-- Generated by org.testng.reporters.JUnitReportReporter -->
<testsuite hostname="Collaberas-MacBook-Pro.local" failures="0" tests="1" name="testiPhone.UI_05" time="7.168" errors="0" timestamp="2023-05-15T10:12:59 PST" skipped="0">
  <testcase classname="testiPhone.UI_05" name="UI_5" time="7.168"/>
  <system-out/>
</testsuite> <!-- testiPhone.UI_05 -->
