<?xml version="1.0" encoding="UTF-8"?>
<!-- Generated by org.testng.reporters.JUnitReportReporter -->
<testsuite hostname="Collaberas-MacBook-Pro.local" failures="0" tests="16" name="testiPhoneAndTablet.IOSTabletTestUI" time="61.389" errors="0" timestamp="2023-05-16T16:59:42 PST" skipped="0">
  <testcase classname="testiPhoneAndTablet.IOSTabletTestUI" name="UI_1" time="7.208"/>
  <system-out/>
  <testcase classname="testiPhoneAndTablet.IOSTabletTestUI" name="UI_2" time="0.713"/>
  <system-out/>
  <testcase classname="testiPhoneAndTablet.IOSTabletTestUI" name="UI_3" time="0.702"/>
  <system-out/>
  <testcase classname="testiPhoneAndTablet.IOSTabletTestUI" name="UI_4" time="1.098"/>
  <system-out/>
  <testcase classname="testiPhoneAndTablet.IOSTabletTestUI" name="UI_5" time="2.262"/>
  <system-out/>
  <testcase classname="testiPhoneAndTablet.IOSTabletTestUI" name="UI_6" time="2.012"/>
  <system-out/>
  <testcase classname="testiPhoneAndTablet.IOSTabletTestUI" name="UI_7" time="11.469"/>
  <system-out/>
  <testcase classname="testiPhoneAndTablet.IOSTabletTestUI" name="UI_8" time="4.576"/>
  <system-out/>
  <testcase classname="testiPhoneAndTablet.IOSTabletTestUI" name="UI_9" time="4.989"/>
  <system-out/>
  <testcase classname="testiPhoneAndTablet.IOSTabletTestUI" name="UI_010" time="4.523"/>
  <system-out/>
  <testcase classname="testiPhoneAndTablet.IOSTabletTestUI" name="UI_011" time="3.655"/>
  <system-out/>
  <testcase classname="testiPhoneAndTablet.IOSTabletTestUI" name="UI_012" time="1.387"/>
  <system-out/>
  <testcase classname="testiPhoneAndTablet.IOSTabletTestUI" name="UI_013" time="7.855"/>
  <system-out/>
  <testcase classname="testiPhoneAndTablet.IOSTabletTestUI" name="UI_014" time="3.970"/>
  <system-out/>
  <testcase classname="testiPhoneAndTablet.IOSTabletTestUI" name="UI_015" time="2.121"/>
  <system-out/>
  <testcase classname="testiPhoneAndTablet.IOSTabletTestUI" name="UI_020" time="2.849"/>
  <system-out/>
</testsuite> <!-- testiPhoneAndTablet.IOSTabletTestUI -->
