<?xml version="1.0" encoding="UTF-8"?>
<!-- Generated by org.testng.reporters.JUnitReportReporter -->
<testsuite hostname="Collaberas-MacBook-Pro.local" failures="0" tests="3" name="testAndroidTablet.MB_01T" time="19.105" errors="0" timestamp="2023-05-15T16:26:35 PST" skipped="0">
  <testcase classname="testAndroidTablet.MB_01T" name="MobileBankingLauch" time="6.716"/>
  <system-out/>
  <testcase classname="testAndroidTablet.MB_01T" name="inputUsernameAndPassword" time="6.258"/>
  <system-out/>
  <testcase classname="testAndroidTablet.MB_01T" name="checkingAccount" time="6.131"/>
  <system-out/>
</testsuite> <!-- testAndroidTablet.MB_01T -->
