<?xml version="1.0" encoding="UTF-8"?>
<!-- Generated by org.testng.reporters.JUnitReportReporter -->
<testsuite hostname="Collaberas-MacBook-Pro.local" failures="0" tests="1" name="testiPhone.UI_09" time="9.031" errors="0" timestamp="2023-05-15T10:36:11 PST" skipped="0">
  <testcase classname="testiPhone.UI_09" name="UI_9" time="9.031"/>
  <system-out/>
</testsuite> <!-- testiPhone.UI_09 -->
