<?xml version="1.0" encoding="UTF-8"?>
<!-- Generated by org.testng.reporters.JUnitReportReporter -->
<testsuite hostname="Collaberas-MacBook-Pro.local" failures="0" tests="16" name="testiPhoneAndTablet.iPhoneTestUI" time="74.472" errors="0" timestamp="2023-05-16T16:37:48 PST" skipped="0">
  <testcase classname="testiPhoneAndTablet.iPhoneTestUI" name="UI_1" time="8.766"/>
  <system-out/>
  <testcase classname="testiPhoneAndTablet.iPhoneTestUI" name="UI_2" time="1.748"/>
  <system-out/>
  <testcase classname="testiPhoneAndTablet.iPhoneTestUI" name="UI_3" time="2.019"/>
  <system-out/>
  <testcase classname="testiPhoneAndTablet.iPhoneTestUI" name="UI_4" time="2.355"/>
  <system-out/>
  <testcase classname="testiPhoneAndTablet.iPhoneTestUI" name="UI_5" time="2.722"/>
  <system-out/>
  <testcase classname="testiPhoneAndTablet.iPhoneTestUI" name="UI_6" time="3.027"/>
  <system-out/>
  <testcase classname="testiPhoneAndTablet.iPhoneTestUI" name="UI_7" time="12.324"/>
  <system-out/>
  <testcase classname="testiPhoneAndTablet.iPhoneTestUI" name="UI_8" time="6.503"/>
  <system-out/>
  <testcase classname="testiPhoneAndTablet.iPhoneTestUI" name="UI_9" time="4.495"/>
  <system-out/>
  <testcase classname="testiPhoneAndTablet.iPhoneTestUI" name="UI_010" time="4.676"/>
  <system-out/>
  <testcase classname="testiPhoneAndTablet.iPhoneTestUI" name="UI_011" time="3.783"/>
  <system-out/>
  <testcase classname="testiPhoneAndTablet.iPhoneTestUI" name="UI_012" time="2.411"/>
  <system-out/>
  <testcase classname="testiPhoneAndTablet.iPhoneTestUI" name="UI_013" time="7.790"/>
  <system-out/>
  <testcase classname="testiPhoneAndTablet.iPhoneTestUI" name="UI_014" time="5.780"/>
  <system-out/>
  <testcase classname="testiPhoneAndTablet.iPhoneTestUI" name="UI_015" time="2.268"/>
  <system-out/>
  <testcase classname="testiPhoneAndTablet.iPhoneTestUI" name="UI_020" time="3.805"/>
  <system-out/>
</testsuite> <!-- testiPhoneAndTablet.iPhoneTestUI -->
