<?xml version="1.0" encoding="UTF-8"?>
<!-- Generated by org.testng.reporters.JUnitReportReporter -->
<testsuite hostname="Collaberas-MacBook-Pro.local" failures="0" tests="4" name="testAndroid.MB_03" time="25.284" errors="0" timestamp="2023-05-11T09:21:20 PST" skipped="0">
  <testcase classname="testAndroid.MB_03" name="MobileBankingLauch" time="6.599"/>
  <system-out/>
  <testcase classname="testAndroid.MB_03" name="inputUsernameAndPassword" time="6.181"/>
  <system-out/>
  <testcase classname="testAndroid.MB_03" name="transferAccount" time="6.087"/>
  <system-out/>
  <testcase classname="testAndroid.MB_03" name="checkingToSavings" time="6.417"/>
  <system-out/>
</testsuite> <!-- testAndroid.MB_03 -->
