<?xml version="1.0" encoding="UTF-8"?>
<!-- Generated by org.testng.reporters.JUnitReportReporter -->
<testsuite hostname="Collaberas-MacBook-Pro.local" failures="0" tests="3" name="testAndroidPhone.MB_01" time="18.914" errors="0" timestamp="2023-05-16T11:59:26 PST" skipped="0">
  <testcase classname="testAndroidPhone.MB_01" name="MobileBankingLauch" time="6.523"/>
  <system-out/>
  <testcase classname="testAndroidPhone.MB_01" name="inputUsernameAndPassword" time="6.071"/>
  <system-out/>
  <testcase classname="testAndroidPhone.MB_01" name="checkingAccount" time="6.320"/>
  <system-out/>
</testsuite> <!-- testAndroidPhone.MB_01 -->
