<?xml version="1.0" encoding="UTF-8"?>
<!-- Generated by org.testng.reporters.JUnitReportReporter -->
<testsuite hostname="Collaberas-MacBook-Pro.local" failures="0" tests="1" name="testiPhone.UI_20" time="7.609" errors="0" timestamp="2023-05-15T08:19:26 PST" skipped="0">
  <testcase classname="testiPhone.UI_20" name="UI_020" time="7.609"/>
  <system-out/>
</testsuite> <!-- testiPhone.UI_20 -->
