<?xml version="1.0" encoding="UTF-8"?>
<!-- Generated by org.testng.reporters.JUnitReportReporter -->
<testsuite hostname="Collaberas-MacBook-Pro.local" failures="0" tests="5" name="testAndroidTablet.MB_03T" time="26.790" errors="0" timestamp="2023-05-16T14:12:37 PST" skipped="1">
  <testcase classname="testAndroidTablet.MB_03T" name="MobileBankingLauch" time="6.870"/>
  <system-out/>
  <testcase classname="testAndroidTablet.MB_03T" name="inputUsernameAndPassword" time="6.348"/>
  <system-out/>
  <testcase classname="testAndroidTablet.MB_03T" name="transferAccount" time="5.154"/>
  <system-out/>
  <testcase classname="testAndroidTablet.MB_03T" name="savingsToChecking" time="8.418"/>
  <system-out/>
  <testcase classname="testAndroidTablet.MB_03T" name="checkingToSavings">
    <skipped/>
  </testcase> <!-- checkingToSavings -->
  <system-out/>
</testsuite> <!-- testAndroidTablet.MB_03T -->
