<?xml version="1.0" encoding="UTF-8"?>
<!-- Generated by org.testng.reporters.JUnitReportReporter -->
<testsuite hostname="Collaberas-MacBook-Pro.local" failures="0" tests="1" name="testiPhone.UI_08" time="11.276" errors="0" timestamp="2023-05-15T10:18:51 PST" skipped="0">
  <testcase classname="testiPhone.UI_08" name="UI_8" time="11.276"/>
  <system-out/>
</testsuite> <!-- testiPhone.UI_08 -->
