<?xml version="1.0" encoding="UTF-8"?>
<!-- Generated by org.testng.reporters.JUnitReportReporter -->
<testsuite hostname="Collaberas-MacBook-Pro.local" failures="0" tests="5" name="testAndroidPhone.MB_03" time="25.829" errors="0" timestamp="2023-05-16T13:04:52 PST" skipped="1">
  <testcase classname="testAndroidPhone.MB_03" name="MobileBankingLauch" time="6.816"/>
  <system-out/>
  <testcase classname="testAndroidPhone.MB_03" name="inputUsernameAndPassword" time="6.063"/>
  <system-out/>
  <testcase classname="testAndroidPhone.MB_03" name="transferAccount" time="4.929"/>
  <system-out/>
  <testcase classname="testAndroidPhone.MB_03" name="savingsToChecking" time="8.021"/>
  <system-out/>
  <testcase classname="testAndroidPhone.MB_03" name="checkingToSavings">
    <skipped/>
  </testcase> <!-- checkingToSavings -->
  <system-out/>
</testsuite> <!-- testAndroidPhone.MB_03 -->
