<?xml version="1.0" encoding="UTF-8"?>
<!-- Generated by org.testng.reporters.JUnitReportReporter -->
<testsuite hostname="Collaberas-MacBook-Pro.local" failures="0" tests="1" name="testiPhone.UI_02" time="5.755" errors="0" timestamp="2023-05-15T08:21:11 PST" skipped="0">
  <testcase classname="testiPhone.UI_02" name="UI_2" time="5.755"/>
  <system-out/>
</testsuite> <!-- testiPhone.UI_02 -->
