<?xml version="1.0" encoding="UTF-8"?>
<!-- Generated by org.testng.reporters.JUnitReportReporter -->
<testsuite hostname="Collaberas-MacBook-Pro.local" failures="0" tests="4" name="testAndroid.MB_02" time="25.572" errors="0" timestamp="2023-05-10T15:57:09 PST" skipped="0">
  <testcase classname="testAndroid.MB_02" name="MobileBankingLauch" time="6.694"/>
  <system-out/>
  <testcase classname="testAndroid.MB_02" name="inputUsernameAndPassword" time="6.195"/>
  <system-out/>
  <testcase classname="testAndroid.MB_02" name="checkingAccount" time="6.152"/>
  <system-out/>
  <testcase classname="testAndroid.MB_02" name="depositAccount" time="6.531"/>
  <system-out/>
</testsuite> <!-- testAndroid.MB_02 -->
