<?xml version="1.0" encoding="UTF-8"?>
<!-- Generated by org.testng.reporters.JUnitReportReporter -->
<testsuite hostname="Collaberas-MacBook-Pro.local" failures="0" tests="1" name="testiPhone.UI_06" time="5.992" errors="0" timestamp="2023-05-15T08:31:23 PST" skipped="0">
  <testcase classname="testiPhone.UI_06" name="UI_6" time="5.992"/>
  <system-out/>
</testsuite> <!-- testiPhone.UI_06 -->
