<?xml version="1.0" encoding="UTF-8"?>
<!-- Generated by org.testng.reporters.JUnitReportReporter -->
<testsuite hostname="Collaberas-MacBook-Pro.local" failures="0" tests="1" name="testiPhone.UI_04" time="10.687" errors="0" timestamp="2023-05-12T10:23:49 PST" skipped="0">
  <testcase classname="testiPhone.UI_04" name="UI_4" time="10.687"/>
  <system-out/>
</testsuite> <!-- testiPhone.UI_04 -->
