<?xml version="1.0" encoding="UTF-8"?>
<!-- Generated by org.testng.reporters.JUnitReportReporter -->
<testsuite hostname="Collaberas-MacBook-Pro.local" failures="0" tests="16" name="testiPhoneAndTablet.iPhoneTestUI" time="72.610" errors="0" timestamp="2023-05-15T14:18:52 PST" skipped="0">
  <testcase classname="testiPhoneAndTablet.iPhoneTestUI" name="UI_1" time="8.142"/>
  <system-out/>
  <testcase classname="testiPhoneAndTablet.iPhoneTestUI" name="UI_2" time="1.797"/>
  <system-out/>
  <testcase classname="testiPhoneAndTablet.iPhoneTestUI" name="UI_3" time="1.893"/>
  <system-out/>
  <testcase classname="testiPhoneAndTablet.iPhoneTestUI" name="UI_4" time="1.985"/>
  <system-out/>
  <testcase classname="testiPhoneAndTablet.iPhoneTestUI" name="UI_5" time="2.665"/>
  <system-out/>
  <testcase classname="testiPhoneAndTablet.iPhoneTestUI" name="UI_6" time="2.966"/>
  <system-out/>
  <testcase classname="testiPhoneAndTablet.iPhoneTestUI" name="UI_7" time="12.161"/>
  <system-out/>
  <testcase classname="testiPhoneAndTablet.iPhoneTestUI" name="UI_8" time="6.668"/>
  <system-out/>
  <testcase classname="testiPhoneAndTablet.iPhoneTestUI" name="UI_9" time="4.377"/>
  <system-out/>
  <testcase classname="testiPhoneAndTablet.iPhoneTestUI" name="UI_010" time="4.659"/>
  <system-out/>
  <testcase classname="testiPhoneAndTablet.iPhoneTestUI" name="UI_011" time="3.578"/>
  <system-out/>
  <testcase classname="testiPhoneAndTablet.iPhoneTestUI" name="UI_012" time="2.379"/>
  <system-out/>
  <testcase classname="testiPhoneAndTablet.iPhoneTestUI" name="UI_013" time="7.761"/>
  <system-out/>
  <testcase classname="testiPhoneAndTablet.iPhoneTestUI" name="UI_014" time="5.698"/>
  <system-out/>
  <testcase classname="testiPhoneAndTablet.iPhoneTestUI" name="UI_015" time="2.244"/>
  <system-out/>
  <testcase classname="testiPhoneAndTablet.iPhoneTestUI" name="UI_020" time="3.637"/>
  <system-out/>
</testsuite> <!-- testiPhoneAndTablet.iPhoneTestUI -->
