<?xml version="1.0" encoding="UTF-8"?>
<!-- Generated by org.testng.reporters.JUnitReportReporter -->
<testsuite hostname="Collaberas-MacBook-Pro.local" failures="0" tests="3" name="testAndroidTablet.MB_01T" time="20.405" errors="0" timestamp="2023-05-16T13:23:11 PST" skipped="0">
  <testcase classname="testAndroidTablet.MB_01T" name="MobileBankingLauch" time="7.327"/>
  <system-out/>
  <testcase classname="testAndroidTablet.MB_01T" name="inputUsernameAndPassword" time="6.369"/>
  <system-out/>
  <testcase classname="testAndroidTablet.MB_01T" name="checkingAccount" time="6.709"/>
  <system-out/>
</testsuite> <!-- testAndroidTablet.MB_01T -->
